<?xml version="1.0" encoding="UTF-8"?>
<!-- Generated by org.testng.reporters.JUnitReportReporter -->
<testsuite skipped="0" hostname="MAVRLT293" name="testCases.Login_Application_page_factory" tests="1" failures="0" timestamp="17 Jul 2019 13:26:21 GMT" time="11.730" errors="0">
  <testcase name="login_PF" time="11.730" classname="testCases.Login_Application_page_factory"/>
</testsuite> <!-- testCases.Login_Application_page_factory -->
