<?xml version="1.0" encoding="UTF-8"?>
<!-- Generated by org.testng.reporters.JUnitReportReporter -->
<testsuite skipped="0" hostname="MAVRLT293" name="testCases.Login_Application" tests="1" failures="0" timestamp="17 Jul 2019 13:15:44 GMT" time="12.316" errors="0">
  <testcase name="login" time="12.316" classname="testCases.Login_Application"/>
</testsuite> <!-- testCases.Login_Application -->
