<?xml version="1.0" encoding="UTF-8"?>
<!-- Generated by org.testng.reporters.JUnitReportReporter -->
<testsuite skipped="0" hostname="MAVRLT293" name="testCases.Login_Application_page_obj_pattern" tests="1" failures="0" timestamp="17 Jul 2019 13:26:46 GMT" time="15.785" errors="0">
  <testcase name="login_pop" time="15.785" classname="testCases.Login_Application_page_obj_pattern"/>
</testsuite> <!-- testCases.Login_Application_page_obj_pattern -->
